C51 COMPILER V9.59.0.0   EEPROM                                                            01/05/2024 10:04:34 PAGE 1   


C51 COMPILER V9.59.0.0, COMPILATION OF MODULE EEPROM
OBJECT MODULE PLACED IN .\Objects\eeprom.obj
COMPILER INVOKED BY: C:\Keil_v5\C51\BIN\C51.EXE eeprom.c OPTIMIZE(8,SPEED) BROWSE INCDIR(..\OldDIYClock-master) DEBUG OB
                    -JECTEXTEND PRINT(.\Listings\eeprom.lst) TABS(2) OBJECT(.\Objects\eeprom.obj)

line level    source

   1          #include "eeprom.h"
   2          #include "sys.h"
   3          #include "STC15.H"
   4          #include "intrins.h"
   5          
   6          void IapIdle(void)
   7          {
   8   1        IAP_CONTR = 0;
   9   1        IAP_CMD = 0;
  10   1        IAP_TRIG = 0;
  11   1        IAP_ADDRH = 0x80;
  12   1        IAP_ADDRL = 0;
  13   1      
  14   1        return;
  15   1      }
  16          
  17          uint8_t IapReadByte(uint16_t addr)
  18          {
  19   1        uint8_t dat;
  20   1      
  21   1        IAP_CONTR = ENABLE_IAP;
  22   1        IAP_CMD = CMD_READ;
  23   1        IAP_ADDRL = addr;
  24   1        IAP_ADDRH = addr >> 8;
  25   1        IAP_TRIG = 0x5A;
  26   1        IAP_TRIG = 0xA5;
  27   1        _nop_();
  28   1        dat = IAP_DATA;
  29   1        IapIdle();
  30   1      
  31   1        return dat;
  32   1      }
  33          
  34          void IapProgramByte(uint16_t addr, uint8_t dat)
  35          {
  36   1        IAP_CONTR = ENABLE_IAP;
  37   1        IAP_CMD = CMD_PROGRAM;
  38   1        IAP_ADDRL = addr;
  39   1        IAP_ADDRH = addr >> 8;
  40   1        IAP_DATA = dat;
  41   1        IAP_TRIG = 0x5A;
  42   1        IAP_TRIG = 0xA5;
  43   1        _nop_();
  44   1        IapIdle();
  45   1      
  46   1        return;
  47   1      }
  48          
  49          void IapEraseSector(uint16_t addr)
  50          {
  51   1        IAP_CONTR = ENABLE_IAP;
  52   1        IAP_CMD = CMD_ERASE;
  53   1        IAP_ADDRL = addr;
  54   1        IAP_ADDRH = addr >> 8;
C51 COMPILER V9.59.0.0   EEPROM                                                            01/05/2024 10:04:34 PAGE 2   

  55   1        IAP_TRIG = 0x5A;
  56   1        IAP_TRIG = 0xA5;
  57   1        _nop_();
  58   1        IapIdle();
  59   1      
  60   1        return;
  61   1      }


MODULE INFORMATION:   STATIC OVERLAYABLE
   CODE SIZE        =     77    ----
   CONSTANT SIZE    =   ----    ----
   XDATA SIZE       =   ----    ----
   PDATA SIZE       =   ----    ----
   DATA SIZE        =   ----    ----
   IDATA SIZE       =   ----    ----
   BIT SIZE         =   ----    ----
END OF MODULE INFORMATION.


C51 COMPILATION COMPLETE.  0 WARNING(S),  0 ERROR(S)
