C51 COMPILER V9.59.0.0   FONTS                                                             01/05/2024 10:04:33 PAGE 1   


C51 COMPILER V9.59.0.0, COMPILATION OF MODULE FONTS
OBJECT MODULE PLACED IN .\Objects\fonts.obj
COMPILER INVOKED BY: C:\Keil_v5\C51\BIN\C51.EXE fonts.c OPTIMIZE(8,SPEED) BROWSE INCDIR(..\OldDIYClock-master) DEBUG OBJ
                    -ECTEXTEND PRINT(.\Listings\fonts.lst) TABS(2) OBJECT(.\Objects\fonts.obj)

line level    source

   1          #include "fonts.h"
   2          
   3          const uint8_t code dot_font[] = {
   4            0x00,0x00,0x00,0x00,  //""
   5            0x00,0x08,0x08,0x00,  //"-"
   6            0x00,0x1C,0x1C,0x00,  //""
   7            0x00,0x36,0x36,0x00,  //"::"
   8            0x00,0x24,0x36,0x00,  //""
   9            0x00,0x24,0x24,0x00,  //""
  10            0x00,0x24,0x00,0x00,  //""
  11            0x00,0x30,0x30,0x00,  //""
  12            0x00,0x06,0x06,0x00,  //""
  13          };
  14          
  15          const uint8_t code temperature_font[] = {
  16            0x7F,0x7F,0x41,0x7F,0x7F, //"0"
  17            0x00,0x00,0x7F,0x7F,0x00, //"1"
  18            0x0F,0x4F,0x49,0x79,0x79, //"2"
  19            0x41,0x49,0x49,0x7F,0x7F, //"3"
  20            0x78,0x78,0x08,0x7F,0x7F, //"4"
  21            0x79,0x79,0x49,0x4F,0x0F, //"5"
  22            0x7F,0x7F,0x49,0x4F,0x0F, //"6"
  23            0x40,0x40,0x40,0x7F,0x7F, //"7"
  24            0x7F,0x7F,0x49,0x7F,0x7F, //"8"
  25            0x78,0x79,0x49,0x7F,0x7F, //"9"
  26            0x30,0x40,0x45,0x48,0x30, //"?"
  27            0x70,0x50,0x70,0x00,0x3E,0x7F,0x63,0x41,0x41, // "C"
  28          };
  29          
  30          const uint8_t code num_font1[] = {
  31            0x7F,0x41,0x41,0x7F,  //"0"
  32            0x00,0x00,0x7F,0x00,  //"1"
  33            0x4F,0x49,0x49,0x79,  //"2"
  34            0x49,0x49,0x49,0x7F,  //"3"
  35            0x78,0x08,0x08,0x7F,  //"4"
  36            0x79,0x49,0x49,0x4F,  //"5"
  37            0x7F,0x49,0x49,0x4F,  //"6"
  38            0x40,0x40,0x40,0x7F,  //"7"
  39            0x7F,0x49,0x49,0x7F,  //"8"
  40            0x79,0x49,0x49,0x7F,  //"9"
  41          };
  42          
  43          const uint8_t code num_font2[] = {
  44            0x3E,0x45,0x41,0x3E,  //"0"
  45            0x00,0x21,0x7F,0x01,  //"1"
  46            0x23,0x45,0x49,0x31,  //"2"
  47            0x42,0x51,0x69,0x46,  //"3"
  48            0x0C,0x14,0x24,0x5F,  //"4"
  49            0x72,0x51,0x51,0x4E,  //"5"
  50            0x1E,0x29,0x49,0x06,  //"6"
  51            0x40,0x4F,0x50,0x60,  //"7"
  52            0x36,0x7F,0x49,0x36,  //"8"
  53            0x30,0x49,0x4A,0x3C,  //"9"
  54          };
C51 COMPILER V9.59.0.0   FONTS                                                             01/05/2024 10:04:33 PAGE 2   

  55          
  56          /*code uint8_t num_font1[] = {
  57            0x3E,0x51,0x45,0x3E,  //"0"
  58            0x00,0x21,0x7F,0x01,  //"1"
  59            0x23,0x45,0x49,0x31,  //"2"
  60            0x22,0x49,0x59,0x2E,  //"3"
  61            0x0C,0x14,0x24,0x7F,  //"4"
  62            0x72,0x51,0x51,0x4E,  //"5"
  63            0x0E,0x19,0x29,0x46,  //"6"
  64            0x40,0x4F,0x50,0x60,  //"7"
  65            0x36,0x49,0x49,0x36,  //"8"
  66            0x32,0x49,0x49,0x3E,  //"9"
  67            0x00,0x36,0x36,0x00,  //"::"
  68            0x00,0x08,0x08,0x00,  //"--"
  69            0x70,0x50,0x70,0x00,0x1C,0x3E,0x63,0x63,0x63,0x22,0x00, //"??C"
  70          }
  71          ;*/
  72          
  73          const uint8_t code num_font3[] = {
  74            0x7E,0x41,0x41,0x3F,  //"0"
  75            0x00,0x40,0x7F,0x00,  //"1"
  76            0x0F,0x49,0x49,0x39,  //"2"
  77            0x49,0x49,0x49,0x3E,  //"3"
  78            0x7C,0x04,0x04,0x1F,  //"4"
  79            0x78,0x49,0x49,0x0F,  //"5"
  80            0x7F,0x49,0x49,0x07,  //"6"
  81            0x60,0x40,0x40,0x3F,  //"7"
  82            0x7E,0x49,0x49,0x3F,  //"8"
  83            0x78,0x49,0x49,0x3F,  //"9"
  84          };
  85          
  86          const uint8_t code num_font4[] = {
  87            0x7F,0x63,0x63,0x7F,  //"0"
  88            0x00,0x60,0x7F,0x00,  //"1"
  89            0x6F,0x6B,0x6B,0x7B,  //"2"
  90            0x6B,0x6B,0x6B,0x7F,  //"3"
  91            0x78,0x78,0x08,0x7F,  //"4"
  92            0x7B,0x7B,0x4B,0x4F,  //"5"
  93            0x7F,0x7F,0x49,0x4F,  //"6"
  94            0x40,0x40,0x7F,0x7F,  //"7"
  95            0x7F,0x6B,0x6B,0x7F,  //"8"
  96            0x79,0x69,0x49,0x7F,  //"9"
  97          };
  98          
  99          const uint8_t code num_font5[] = {
 100            0x00,0x7F,0x41,0x7F,  //"0"
 101            0x00,0x00,0x7F,0x00,  //"1"
 102            0x00,0x4F,0x49,0x79,  //"2"
 103            0x00,0x49,0x49,0x7F,  //"3"
 104            0x00,0x78,0x08,0x7F,  //"4"
 105            0x00,0x79,0x49,0x4F,  //"5"
 106            0x00,0x7F,0x49,0x4F,  //"6"
 107            0x00,0x40,0x40,0x7F,  //"7"
 108            0x00,0x7F,0x49,0x7F,  //"8"
 109            0x00,0x79,0x49,0x7F,  //"9"
 110          };
 111          
 112          
 113          const uint8_t code font_cp1251_07[] = {
 114            0x00, 0x00, 0x00, 0x00, VOID,   // 0x20 =>
 115            0x7D, VOID, VOID, VOID, VOID,   // 0x21 => !
 116            0x70, 0x00, 0x70, VOID, VOID,   // 0x22 => "
C51 COMPILER V9.59.0.0   FONTS                                                             01/05/2024 10:04:33 PAGE 3   

 117            0x14, 0x7F, 0x14, 0x7F, 0x14,   // 0x23 => #
 118            0x12, 0x2A, 0x7F, 0x2A, 0x24,   // 0x24 => $
 119            0x62, 0x64, 0x08, 0x13, 0x23,   // 0x25 => %
 120            0x36, 0x49, 0x55, 0x22, 0x05,   // 0x26 => &
 121            0x50, 0x60, VOID, VOID, VOID,   // 0x27 => '
 122            0x1C, 0x22, 0x41, VOID, VOID,   // 0x28 => (
 123            0x41, 0x22, 0x1C, VOID, VOID,   // 0x29 => )
 124            0x14, 0x08, 0x3E, 0x08, 0x14,   // 0x2A => *
 125            0x08, 0x08, 0x3E, 0x08, 0x08,   // 0x2B => +
 126            0x05, 0x06, VOID, VOID, VOID,   // 0x2C => ,
 127            0x04, 0x04, 0x04, 0x04, VOID,   // 0x2D => -
 128            /* 0x08, 0x08, 0x08, 0x08, VOID,    // 0x2D => - */
 129            0x01, VOID, VOID, VOID, VOID,   // 0x2E => .
 130            /* 0x03, 0x03, VOID, VOID, VOID,    // 0x2E => . */
 131            0x02, 0x04, 0x08, 0x10, 0x20,   // 0x2F => /
 132          
 133            0x3E, 0x41, 0x41, 0x3E, VOID,   // 0x30 => 0
 134            0x00, 0x21, 0x7F, 0x01, VOID,   // 0x31 => 1
 135            0x21, 0x43, 0x45, 0x39, VOID,   // 0x32 => 2
 136            0x22, 0x41, 0x49, 0x36, VOID,   // 0x33 => 3
 137            0x0C, 0x14, 0x24, 0x7F, VOID,   // 0x34 => 4
 138            0x72, 0x51, 0x51, 0x4E, VOID,   // 0x35 => 5
 139            0x3E, 0x49, 0x49, 0x26, VOID,   // 0x36 => 6
 140            0x40, 0x47, 0x48, 0x70, VOID,   // 0x37 => 7
 141            0x36, 0x49, 0x49, 0x36, VOID,   // 0x38 => 8
 142            0x32, 0x49, 0x49, 0x3E, VOID,   // 0x39 => 9
 143            0x12, VOID, VOID, VOID, VOID,   // 0x3A => :
 144            0x01, 0x12, VOID, VOID, VOID,   // 0x3B => ;
 145            0x08, 0x14, 0x22, 0x41, VOID,   // 0x3C => <
 146            0x14, 0x14, 0x14, 0x14, 0x14,   // 0x3D => =
 147            0x41, 0x22, 0x14, 0x08, VOID,   // 0x3E => >
 148            0x20, 0x40, 0x45, 0x48, 0x30,   // 0x3F => ?
 149          
 150            0x3E, 0x41, 0x5D, 0x55, 0x3C,   // 0x40 => @
 151            0x1F, 0x24, 0x44, 0x24, 0x1F,   // 0x41 => A
 152            0x7F, 0x49, 0x49, 0x49, 0x36,   // 0x42 => B
 153            0x3E, 0x41, 0x41, 0x41, 0x22,   // 0x43 => C
 154            0x7F, 0x41, 0x41, 0x22, 0x1C,   // 0x44 => D
 155            0x7F, 0x49, 0x49, 0x49, 0x41,   // 0x45 => E
 156            0x7F, 0x48, 0x48, 0x48, 0x40,   // 0x46 => F  
 157            0x3E, 0x41, 0x49, 0x49, 0x2F,   // 0x47 => G
 158            0x7F, 0x08, 0x08, 0x08, 0x7F,   // 0x48 => H
 159            0x41, 0x7F, 0x41, VOID, VOID,   // 0x49 => I
 160            0x02, 0x01, 0x41, 0x7E, 0x40,   // 0x4A => J
 161            0x7F, 0x08, 0x14, 0x22, 0x41,   // 0x4B => K
 162            0x7F, 0x01, 0x01, 0x01, VOID,   // 0x4C => L
 163            0x7F, 0x20, 0x18, 0x20, 0x7F,   // 0x4D => M
 164            0x7F, 0x10, 0x08, 0x04, 0x7F,   // 0x4E => N
 165            0x3E, 0x41, 0x41, 0x41, 0x3E,   // 0x4F => O
 166          
 167            0x7F, 0x48, 0x48, 0x48, 0x30,   // 0x50 => P
 168            0x3E, 0x41, 0x45, 0x42, 0x3D,   // 0x51 => Q
 169            0x7F, 0x48, 0x4C, 0x4A, 0x31,   // 0x52 => R
 170            0x32, 0x49, 0x49, 0x49, 0x26,   // 0x53 => S
 171            0x40, 0x40, 0x7F, 0x40, 0x40,   // 0x54 => T
 172            0x7E, 0x01, 0x01, 0x01, 0x7E,   // 0x55 => U
 173            0x70, 0x0C, 0x03, 0x0C, 0x70,   // 0x56 => V
 174            0x7E, 0x01, 0x0E, 0x01, 0x7E,   // 0x57 => W
 175            0x63, 0x14, 0x08, 0x14, 0x63,   // 0x58 => X
 176            0x70, 0x08, 0x07, 0x08, 0x70,   // 0x59 => Y
 177            0x43, 0x45, 0x49, 0x51, 0x61,   // 0x00 => Z
 178            0x7F, 0x41, 0x41, VOID, VOID,   // 0x5B => [
C51 COMPILER V9.59.0.0   FONTS                                                             01/05/2024 10:04:33 PAGE 4   

 179            0x0C, 0x12, 0x3F, 0x12, 0x04,   // 0x5C => ¢
 180            0x41, 0x41, 0x7F, VOID, VOID,   // 0x5D => ]
 181            0x10, 0x20, 0x40, 0x20, 0x10,   // 0x5E => ^
 182            0x01, 0x01, 0x01, 0x01, 0x01,   // 0x5F => -
 183          
 184            0x40, 0x20, VOID, VOID, VOID,   // 0x60 => `
 185            0x02, 0x15, 0x15, 0x15, 0x0F,   // 0x61 => a
 186            0x7F, 0x09, 0x11, 0x11, 0x0E,   // 0x62 => b
 187            0x0E, 0x11, 0x11, 0x11, 0x02,   // 0x63 => c
 188            0x0E, 0x11, 0x11, 0x09, 0x7F,   // 0x64 => d
 189            0x0E, 0x15, 0x15, 0x15, 0x0C,   // 0x65 => e
 190            0x08, 0x3F, 0x48, 0x40, 0x20,   // 0x66 => f
 191            0x18, 0x25, 0x25, 0x25, 0x3E,   // 0x67 => g
 192            0x7F, 0x08, 0x10, 0x10, 0x0F,   // 0x68 => h
 193            0x11, 0x5F, 0x01, VOID, VOID,   // 0x69 => i
 194            0x02, 0x01, 0x11, 0x5E, VOID,   // 0x6A => j
 195            0x7F, 0x04, 0x0A, 0x11, VOID,   // 0x6B => k
 196            0x41, 0x7F, 0x01, VOID, VOID,   // 0x6C => l
 197            0x1F, 0x10, 0x0C, 0x10, 0x0F,   // 0x6D => m
 198            0x1F, 0x08, 0x10, 0x0F, VOID,   // 0x6E => n
 199            0x0E, 0x11, 0x11, 0x11, 0x0E,   // 0x6F => o
 200          
 201            0x3F, 0x24, 0x22, 0x22, 0x1C,   // 0x70 => p
 202            0x1C, 0x22, 0x22, 0x24, 0x3F,   // 0x71 => q
 203            0x1F, 0x08, 0x10, 0x08, VOID,   // 0x72 => r
 204            0x08, 0x15, 0x15, 0x15, 0x02,   // 0x73 => s
 205            0x10, 0x7E, 0x11, 0x01, 0x02,   // 0x74 => t
 206            0x1E, 0x01, 0x01, 0x02, 0x1F,   // 0x75 => u
 207            0x18, 0x06, 0x01, 0x06, 0x18,   // 0x76 => v
 208            0x1E, 0x01, 0x06, 0x01, 0x1E,   // 0x77 => w
 209            0x11, 0x0A, 0x04, 0x0A, 0x11,   // 0x78 => x
 210            0x18, 0x05, 0x05, 0x05, 0x1E,   // 0x79 => y
 211            0x11, 0x13, 0x15, 0x19, 0x11,   // 0x7A => z
 212            0x08, 0x36, 0x41, VOID, VOID,   // 0x7B => {
 213            0x7F, VOID, VOID, VOID, VOID,   // 0x7C => |
 214            0x41, 0x36, 0x08, VOID, VOID,   // 0x7D => }
 215            0x08, 0x10, 0x08, 0x10, VOID,   // 0x7E => ~
 216            VOID, VOID, VOID, VOID, VOID,   // 0x7F =>
 217          
 218          //  0x7F, 0x7F, 0x7F, 0x7F, 0x7F,   // 0x80 =>
 219          //  0x7F, 0x7F, 0x7F, 0x7F, 0x7F,   // 0x81 =>
 220          //  0x7F, 0x7F, 0x7F, 0x7F, 0x7F,   // 0x82 =>
 221          //  0x7F, 0x7F, 0x7F, 0x7F, 0x7F,   // 0x83 =>
 222          //  0x7F, 0x7F, 0x7F, 0x7F, 0x7F,   // 0x84 =>
 223          //  0x7F, 0x7F, 0x7F, 0x7F, 0x7F,   // 0x85 =>
 224          //  0x7F, 0x7F, 0x7F, 0x7F, 0x7F,   // 0x86 =>
 225          //  0x7F, 0x7F, 0x7F, 0x7F, 0x7F,   // 0x87 =>
 226          //  0x7F, 0x7F, 0x7F, 0x7F, 0x7F,   // 0x88 =>
 227          //  0x7F, 0x7F, 0x7F, 0x7F, 0x7F,   // 0x89 =>
 228          //  0x7F, 0x7F, 0x7F, 0x7F, 0x7F,   // 0x8A =>
 229          //  0x7F, 0x7F, 0x7F, 0x7F, 0x7F,   // 0x8B =>
 230          //  0x7F, 0x7F, 0x7F, 0x7F, 0x7F,   // 0x8C =>
 231          //  0x7F, 0x7F, 0x7F, 0x7F, 0x7F,   // 0x8D =>
 232          //  0x7F, 0x7F, 0x7F, 0x7F, 0x7F,   // 0x8E =>
 233          //  0x7F, 0x7F, 0x7F, 0x7F, 0x7F,   // 0x8F =>
 234          
 235          //  0x7F, 0x7F, 0x7F, 0x7F, 0x7F,   // 0x90 =>
 236          //  0x7F, 0x7F, 0x7F, 0x7F, 0x7F,   // 0x91 =>
 237          //  0x7F, 0x7F, 0x7F, 0x7F, 0x7F,   // 0x92 =>
 238          //  0x7F, 0x7F, 0x7F, 0x7F, 0x7F,   // 0x93 =>
 239          //  0x7F, 0x7F, 0x7F, 0x7F, 0x7F,   // 0x94 =>
 240          //  0x7F, 0x7F, 0x7F, 0x7F, 0x7F,   // 0x95 =>
C51 COMPILER V9.59.0.0   FONTS                                                             01/05/2024 10:04:33 PAGE 5   

 241          //  0x7F, 0x7F, 0x7F, 0x7F, 0x7F,   // 0x96 =>
 242          //  0x7F, 0x7F, 0x7F, 0x7F, 0x7F,   // 0x97 =>
 243          //  0x7F, 0x7F, 0x7F, 0x7F, 0x7F,   // 0x98 =>
 244          //  0x7F, 0x7F, 0x7F, 0x7F, 0x7F,   // IDLE =>
 245          //  0x7F, 0x7F, 0x7F, 0x7F, 0x7F,   // 0x9A =>
 246          //  0x7F, 0x7F, 0x7F, 0x7F, 0x7F,   // 0x9B =>
 247          //  0x7F, 0x7F, 0x7F, 0x7F, 0x7F,   // 0x9C =>
 248          //  0x7F, 0x7F, 0x7F, 0x7F, 0x7F,   // 0x9D =>
 249          //  0x7F, 0x7F, 0x7F, 0x7F, 0x7F,   // 0x9E =>
 250          //  0x7F, 0x7F, 0x7F, 0x7F, 0x7F,   // 0x9F =>
 251          
 252            0x02, 0x1E, 0x3F, 0x1E, 0x02,   // 0xA0 => BELL
 253            0x30, 0x49, 0x29, 0x49, 0x36,   // 0xA1 => ?
 254            0x18, 0x45, 0x25, 0x45, 0x1E,   // 0xA2 => ?
 255            0x02, 0x01, 0x41, 0x7E, 0x40,   // 0xA3 => ?
 256            0x2A, 0x1C, 0x77, 0x1C, 0x2A,   // 0xA4 => ¤
 257            0x3F, 0x20, 0x20, 0x20, 0x60,   // 0xA5 => ?
 258            0x7F, 0x7F, 0x7F, 0x7F, 0x7F,   // 0xA6 =>
 259            0x7F, 0x7F, 0x7F, 0x7F, 0x7F,   // 0xA7 =>
 260            0x3F, 0x69, 0x29, 0x69, 0x21,   // 0xA8 => ?
 261            0x7F, 0x7F, 0x7F, 0x7F, 0x7F,   // 0xA9 =>
 262            0x3E, 0x49, 0x49, 0x41, 0x22,   // 0xAA => ?
 263            0x08, 0x14, 0x2A, 0x14, 0x22,   // 0xAB => «
 264            0x7F, 0x7F, 0x7F, 0x7F, 0x7F,   // 0xAC =>
 265            0x1E, 0x29, 0x27, 0x21, 0x1E,   // 0xAD => CLOCK
 266            0x7F, 0x7F, 0x7F, 0x7F, 0x7F,   // 0xAE =>
 267            0x41, 0x3F, 0x41, VOID, VOID,   // 0xAF => ?
 268          
 269            0x00, 0x30, 0x48, 0x48, 0x30,   // 0xB0 => °
 270            0x09, 0x09, 0x7D, 0x09, 0x09,   // 0xB1 => ±
 271            0x41, 0x7F, 0x41, VOID, VOID,   // 0xB2 => ?
 272            0x11, 0x5F, 0x01, VOID, VOID,   // 0xB3 => ?
 273            0x1F, 0x10, 0x10, 0x58, VOID,   // 0xB4 => ?
 274            0x7F, 0x7F, 0x7F, 0x7F, 0x7F,   // 0xB5 =>
 275            0x7F, 0x7F, 0x7F, 0x7F, 0x7F,   // 0xB6 =>
 276            0x7F, 0x7F, 0x7F, 0x7F, 0x7F,   // 0xB7 =>
 277            0x0E, 0x55, 0x15, 0x55, 0x0C,   // 0xB8 => ?
 278            0x7F, 0x7F, 0x7F, 0x7F, 0x7F,   // 0xB9 =>
 279            0x0E, 0x15, 0x15, 0x11, 0x0A,   // 0xBA => ?
 280            0x22, 0x14, 0x2A, 0x14, 0x08,   // 0xBB => »
 281            0x7F, 0x7F, 0x7F, 0x7F, 0x7F,   // 0xBC =>
 282            0x7F, 0x7F, 0x7F, 0x7F, 0x7F,   // 0xBD =>
 283            0x7F, 0x7F, 0x7F, 0x7F, 0x7F,   // 0xBE =>
 284            0x51, 0x1F, 0x51, VOID, VOID,   // 0xBF => ?
 285          
 286            0x3F, 0x44, 0x44, 0x44, 0x3F,   // 0xC0 => À
 287            0x7F, 0x49, 0x49, 0x49, 0x46,   // 0xC1 => Á
 288            0x7F, 0x49, 0x49, 0x49, 0x36,   // 0xC2 => Â
 289            0x7F, 0x40, 0x40, 0x40, 0x60,   // 0xC3 => Ã
 290            0x03, 0x3E, 0x42, 0x7E, 0x03,   // 0xC4 => Ä
 291            0x7F, 0x49, 0x49, 0x49, 0x41,   // 0xC5 => Å
 292            0x77, 0x08, 0x7F, 0x08, 0x77,   // 0xC6 => Æ
 293            0x41, 0x49, 0x49, 0x49, 0x36,   // 0xC7 => Ç
 294            0x7F, 0x04, 0x08, 0x10, 0x7F,   // 0xC8 => È
 295            0x3F, 0x02, 0x64, 0x08, 0x3F,   // 0xC9 => É
 296            0x7F, 0x08, 0x14, 0x22, 0x41,   // 0xCA => Ê
 297            0x01, 0x1E, 0x20, 0x40, 0x7F,   // 0xCB => Ë
 298            0x7F, 0x20, 0x18, 0x20, 0x7F,   // 0xCC => Ì
 299            0x7F, 0x08, 0x08, 0x08, 0x7F,   // 0xCD => Í
 300            0x3E, 0x41, 0x41, 0x41, 0x3E,   // 0xCE => Î
 301            0x7F, 0x40, 0x40, 0x40, 0x7F,   // 0xCF => Ï
 302                                          
C51 COMPILER V9.59.0.0   FONTS                                                             01/05/2024 10:04:33 PAGE 6   

 303            0x7F, 0x48, 0x48, 0x48, 0x30,   // 0xD0 => Ð
 304            0x3E, 0x41, 0x41, 0x41, 0x22,   // 0xD1 => Ñ
 305            0x40, 0x40, 0x7F, 0x40, 0x40,   // 0xD2 => Ò
 306            0x70, 0x09, 0x09, 0x09, 0x7E,   // 0xD3 => Ó
 307            0x3C, 0x42, 0xFF, 0x42, 0x3C,   // 0xD4 => Ô
 308            0x63, 0x14, 0x08, 0x14, 0x63,   // 0xD5 => Õ
 309            0x7F, 0x01, 0x01, 0x7F, 0x01,   // 0xD6 => Ö
 310            0x70, 0x08, 0x08, 0x08, 0x7F,   // 0xD7 => ×
 311            0x7F, 0x01, 0x7F, 0x01, 0x7F,   // 0xD8 => Ø
 312            0x7E, 0x02, 0x7E, 0x02, 0x7F,   // 0xD9 => Ù
 313            0x40, 0x7F, 0x09, 0x09, 0x06,   // 0xDA => Ú
 314            0x7F, 0x09, 0x06, 0x00, 0x7F,   // 0xDB => Û
 315            0x7F, 0x09, 0x11, 0x11, 0x0E,   // 0xDC => Ü
 316            0x22, 0x41, 0x49, 0x49, 0x3E,   // 0xDD => Ý
 317            0x7F, 0x08, 0x3E, 0x41, 0x3E,   // 0xDE => Þ
 318            0x31, 0x4A, 0x4C, 0x48, 0x7F,   // 0xDF => ß
 319                                          
 320            0x02, 0x15, 0x15, 0x15, 0x0F,   // 0xE0 => à
 321            0x1E, 0x29, 0x29, 0x49, 0x06,   // 0xE1 => á
 322            0x1F, 0x15, 0x15, 0x0A, VOID,   // 0xE2 => â
 323            0x1F, 0x10, 0x10, 0x18, VOID,   // 0xE3 => ã
 324            0x03, 0x0E, 0x12, 0x1E, 0x03,   // 0xE4 => ä
 325            0x0E, 0x15, 0x15, 0x15, 0x0C,   // 0xE5 => å
 326            0x1B, 0x04, 0x1F, 0x04, 0x1B,   // 0xE6 => æ
 327            0x11, 0x15, 0x15, 0x0A, VOID,   // 0xE7 => ç
 328            0x1F, 0x02, 0x04, 0x08, 0x1F,   // 0xE8 => è
 329            0x1F, 0x42, 0x24, 0x48, 0x1F,   // 0xE9 => é
 330            0x1F, 0x04, 0x0A, 0x11, VOID,   // 0xEA => ê
 331            0x07, 0x08, 0x10, 0x1F, VOID,   // 0xEB => ë
 332            0x1F, 0x08, 0x04, 0x08, 0x1F,   // 0xEC => ì
 333            0x1F, 0x04, 0x04, 0x1F, VOID,   // 0xED => í
 334            0x0E, 0x11, 0x11, 0x11, 0x0E,   // 0xEE => î
 335            0x1F, 0x10, 0x10, 0x1F, VOID,   // 0xEF => ï
 336                                          
 337            0x1F, 0x14, 0x12, 0x12, 0x0C,   // 0xF0 => ð
 338            0x0E, 0x11, 0x11, 0x11, 0x02,   // 0xF1 => ñ
 339            0x10, 0x10, 0x1F, 0x10, 0x10,   // 0xF2 => ò
 340            0x18, 0x05, 0x05, 0x05, 0x1E,   // 0xF3 => ó
 341            0x0C, 0x12, 0x9F, 0x12, 0x0C,   // 0xF4 => ô
 342            0x11, 0x0A, 0x04, 0x0A, 0x11,   // 0xF5 => õ
 343            0x1F, 0x01, 0x01, 0x1F, 0x01,   // 0xF6 => ö
 344            0x18, 0x04, 0x04, 0x1F, VOID,   // 0xF7 => ÷
 345            0x1F, 0x01, 0x1F, 0x01, 0x1F,   // 0xF8 => ø
 346            0x1E, 0x02, 0x1E, 0x02, 0x1F,   // 0xF9 => ù
 347            0x10, 0x1F, 0x05, 0x05, 0x02,   // 0xFA => ú
 348            0x1F, 0x05, 0x02, 0x00, 0x1F,   // 0xFB => û
 349            0x1F, 0x05, 0x05, 0x02, VOID,   // 0xFC => ü
 350            0x0A, 0x11, 0x15, 0x15, 0x0E,   // 0xFD => ý
 351            0x1F, 0x04, 0x0E, 0x11, 0x0E,   // 0xFE => þ
 352            0x08, 0x15, 0x16, 0x14, 0x1F,   // 0xFF => ÿ
 353          };


MODULE INFORMATION:   STATIC OVERLAYABLE
   CODE SIZE        =   ----    ----
   CONSTANT SIZE    =   1260    ----
   XDATA SIZE       =   ----    ----
   PDATA SIZE       =   ----    ----
   DATA SIZE        =   ----    ----
   IDATA SIZE       =   ----    ----
   BIT SIZE         =   ----    ----
END OF MODULE INFORMATION.

C51 COMPILER V9.59.0.0   FONTS                                                             01/05/2024 10:04:33 PAGE 7   


C51 COMPILATION COMPLETE.  0 WARNING(S),  0 ERROR(S)
