C51 COMPILER V9.59.0.0   I2C                                                               01/05/2024 10:04:34 PAGE 1   


C51 COMPILER V9.59.0.0, COMPILATION OF MODULE I2C
OBJECT MODULE PLACED IN .\Objects\i2c.obj
COMPILER INVOKED BY: C:\Keil_v5\C51\BIN\C51.EXE i2c.c OPTIMIZE(8,SPEED) BROWSE INCDIR(..\OldDIYClock-master) DEBUG OBJEC
                    -TEXTEND PRINT(.\Listings\i2c.lst) TABS(2) OBJECT(.\Objects\i2c.obj)

line level    source

   1          #include "pinout.h"
   2          #include "sys.h"
   3          #include "delay.h"
   4          #include "i2c.h"
   5          
   6          static bit I2CswGetBit(void)
   7          {
   8   1        bit result;
   9   1        
  10   1        I2C_Delay;
  11   1        SCL = 1;
  12   1        I2C_Delay;
  13   1        result = SDA;
  14   1        SCL = 0;
  15   1      
  16   1        return result;
  17   1      }
  18          
  19          static void I2CswSendBit(bit value)
  20          {
  21   1        SDA = value;
  22   1        I2CswGetBit();
  23   1      }
  24          
  25          bit I2CswStartACKS(uint8_t addr)
  26          {
  27   1        SCL = 1;
  28   1        SDA = 1;
  29   1        I2C_Delay;
  30   1        SDA = 0;
  31   1        I2C_Delay;
  32   1        SCL = 0;
  33   1      
  34   1        return I2CswWriteByteACKS(addr);
  35   1      }
  36          
  37          void I2CswStart(uint8_t addr)
  38          {
  39   1        SCL = 1;
  40   1        SDA = 1;
  41   1        I2C_Delay;
  42   1        SDA = 0;
  43   1        I2C_Delay;
  44   1        SCL = 0;
  45   1      
  46   1        I2CswWriteByte(addr);
  47   1      
  48   1        return;
  49   1      }
  50          
  51          void I2CswStop(void)
  52          {
  53   1        SCL = 0;
  54   1        SDA = 0;
C51 COMPILER V9.59.0.0   I2C                                                               01/05/2024 10:04:34 PAGE 2   

  55   1        I2C_Delay;
  56   1        SCL = 1;
  57   1        I2C_Delay;
  58   1        SDA = 1;
  59   1      }
  60          
  61          void I2CswWriteByte(uint8_t value)
  62          {
  63   1        uint8_t i = 0;
  64   1      
  65   1        for (i = 0; i < 8; i++) {
  66   2          I2CswSendBit(value & 0x80);
  67   2          value <<= 1;
  68   2        }
  69   1        I2CswSendBit(I2C_ACK);
  70   1      
  71   1        return;
  72   1      }
  73          
  74          bit I2CswWriteByteACKS(uint8_t value)
  75          {
  76   1        uint8_t i = 0;
  77   1      
  78   1        for (i = 0; i < 8; i++) {
  79   2          I2CswSendBit(value & 0x80);
  80   2          value <<= 1;
  81   2        }
  82   1        SDA = 1;
  83   1        return I2CswGetBit();
  84   1      }
  85          
  86          uint8_t I2CswReadByte(bit ack)
  87          {
  88   1        uint8_t i, ret;
  89   1      
  90   1        SDA = 1;
  91   1      
  92   1        ret = 0;
  93   1        for (i = 0; i < 8; i++) {
  94   2          ret <<= 1;
  95   2          if (I2CswGetBit())
  96   2            ret |= 0x01;
  97   2        }
  98   1        I2CswSendBit(!ack);
  99   1      
 100   1        return ret;
 101   1      }


MODULE INFORMATION:   STATIC OVERLAYABLE
   CODE SIZE        =    210    ----
   CONSTANT SIZE    =   ----    ----
   XDATA SIZE       =   ----    ----
   PDATA SIZE       =   ----    ----
   DATA SIZE        =   ----       8
   IDATA SIZE       =   ----    ----
   BIT SIZE         =   ----       3
END OF MODULE INFORMATION.


C51 COMPILATION COMPLETE.  0 WARNING(S),  0 ERROR(S)
