C51 COMPILER V9.59.0.0   KEY                                                               01/05/2024 10:04:34 PAGE 1   


C51 COMPILER V9.59.0.0, COMPILATION OF MODULE KEY
OBJECT MODULE PLACED IN .\Objects\key.obj
COMPILER INVOKED BY: C:\Keil_v5\C51\BIN\C51.EXE key.c OPTIMIZE(8,SPEED) BROWSE INCDIR(..\OldDIYClock-master) DEBUG OBJEC
                    -TEXTEND PRINT(.\Listings\key.lst) TABS(2) OBJECT(.\Objects\key.obj)

line level    source

   1          #include "pinout.h"
   2          #include "sys.h"
   3          #include "key.h"
   4          
   5          uint8_t sensTimer = 0;
   6          uint8_t scrollTimer = 0;
   7          uint16_t alarmTimer = 0;
   8          static volatile uint8_t beepTimer = 0;
   9          static volatile uint8_t secTimer = TIME_SEC;
  10          static volatile uint8_t cmdBuf = BTN_STATE_0;
  11          
  12          void CheckBtn(void)
  13          {
  14   1        static int16_t btnCnt = 0;            // Buttons press duration value
  15   1        static uint8_t btnPrev = 0;           // Previous buttons state
  16   1      
  17   1        uint8_t btnNow = BTN_STATE_0;
  18   1      
  19   1        if (!key_set)
  20   1          btnNow |= BTN_0;
  21   1        if (!key_inc)
  22   1          btnNow |= BTN_1;
  23   1        if (!key_dec)
  24   1          btnNow |= BTN_2;
  25   1      
  26   1        // If button event has happened, place it to command buffer
  27   1        if (btnNow) {
  28   2          if (btnNow == btnPrev) {
  29   3            btnCnt++;
  30   3            if (btnCnt == LONG_PRESS)
  31   3              cmdBuf = (btnPrev << 4);
  32   3          }
  33   2          else {
  34   3            btnPrev = btnNow;
  35   3          }
  36   2        }
  37   1        else {
  38   2          if ((btnCnt > SHORT_PRESS) && (btnCnt < LONG_PRESS))
  39   2            cmdBuf = btnPrev;
  40   2          btnCnt = 0;
  41   2        }
  42   1      
  43   1        if (secTimer) {
  44   2          secTimer--;
  45   2        }
  46   1        else {
  47   2          secTimer = TIME_SEC;
  48   2          if (sensTimer)
  49   2            sensTimer--;
  50   2          if (scrollTimer)
  51   2            scrollTimer--;
  52   2      
  53   2          if (alarmTimer)
  54   2            alarmTimer--;
C51 COMPILER V9.59.0.0   KEY                                                               01/05/2024 10:04:34 PAGE 2   

  55   2        }
  56   1      
  57   1        if (beepTimer) {
  58   2          beepTimer--;
  59   2        }
  60   1        else {
  61   2          if (alarmTimer)
  62   2            beepTimer = TIME_SEC;
  63   2        }
  64   1      
  65   1        if ((beepTimer & 0x0E) > 8) {
  66   2          if (secTimer > TIME_SEC / 2)
  67   2            beep=0;
  68   2        }
  69   1        else {
  70   2          beep=1;
  71   2        }
  72   1      
  73   1        return;
  74   1      }
  75          
  76          void startBeeper(uint8_t time)
  77          {
  78   1        beepTimer = time;
  79   1        secTimer = TIME_SEC;
  80   1        alarmTimer = 0;
  81   1      
  82   1        return;
  83   1      }
  84          
  85          uint8_t getBtnCmd(void)
  86          {
  87   1        uint8_t ret = cmdBuf;
  88   1        cmdBuf = BTN_STATE_0;
  89   1      
  90   1        return ret;
  91   1      }


MODULE INFORMATION:   STATIC OVERLAYABLE
   CODE SIZE        =    186    ----
   CONSTANT SIZE    =   ----    ----
   XDATA SIZE       =   ----    ----
   PDATA SIZE       =   ----    ----
   DATA SIZE        =     10    ----
   IDATA SIZE       =   ----    ----
   BIT SIZE         =   ----    ----
END OF MODULE INFORMATION.


C51 COMPILATION COMPLETE.  0 WARNING(S),  0 ERROR(S)
